Build started 01/12/2016 10:44:40.
     1>Project "C:\Users\1E30\Documents\MTP\aula20161124\projGUI2\projGUI2\projGUI2.vcxproj" on node 2 (build target(s)).
     1>InitializeBuildStatus:
         Creating "Debug\projGUI2.unsuccessfulbuild" because "AlwaysCreate" was specified.
       GenerateTargetFrameworkMonikerAttribute:
       Skipping target "GenerateTargetFrameworkMonikerAttribute" because all output files are up-to-date with respect to the input files.
       ClCompile:
         All outputs are up-to-date.
         All outputs are up-to-date.
         All outputs are up-to-date.
       CoreResGen:
         No resources are out of date with respect to their source files. Skipping resource generation.
       ResourceCompile:
         All outputs are up-to-date.
       Link:
         All outputs are up-to-date.
         projGUI2.vcxproj -> C:\Users\1E30\Documents\MTP\aula20161124\projGUI2\Debug\projGUI2.exe
       FinalizeBuildStatus:
         Deleting file "Debug\projGUI2.unsuccessfulbuild".
         Touching "Debug\projGUI2.lastbuildstate".
     1>Done Building Project "C:\Users\1E30\Documents\MTP\aula20161124\projGUI2\projGUI2\projGUI2.vcxproj" (build target(s)).

Build succeeded.

Time Elapsed 00:00:00.10
